On branch main
Your branch is up to date with 'origin/main'.

Changes not staged for commit:
  (use "git add/rm <file>..." to update what will be committed)
  (use "git restore <file>..." to discard changes in working directory)
	deleted:    git-commit57.bat

Untracked files:
  (use "git add <file>..." to include in what will be committed)
	card-images-import/
	commit100.log
	commit101.log
	commit102.log
	commit103.log
	commit104.log
	commit105.log
	commit106.log
	commit107.log
	commit108.log
	commit109.log
	commit110.log
	commit111.log
	commit112.log
	commit113.log
	commit114.log
	commit115.log
	commit116.log
	commit117.log
	commit118.log
	commit119.log
	commit120.log
	commit121.log
	commit122.log
	commit123.log
	commit124.log
	commit125.log
	commit126.log
	commit127.log
	commit128.log
	commit129.log
	commit130.log
	commit131.log
	commit132.log
	commit133.log
	commit134.log
	commit135.log
	commit136.log
	commit137.log
	commit138.log
	commit139.log
	commit140.log
	commit141.log
	commit142.log
	commit143.log
	commit144.log
	commit145.log
	commit52.log
	commit53.log
	commit54.log
	commit55.log
	commit56.log
	commit57.log
	commit58.log
	commit59.log
	commit60.log
	commit61.log
	commit62.log
	commit63.log
	commit64.log
	commit65.log
	commit66.log
	commit67.log
	commit68.log
	commit69.log
	commit70.log
	commit71.log
	commit72.log
	commit73.log
	commit74.log
	commit75.log
	commit76.log
	commit77.log
	commit78.log
	commit79.log
	commit80.log
	commit81.log
	commit82.log
	commit83.log
	commit84.log
	commit85.log
	commit86.log
	commit87.log
	commit88.log
	commit89.log
	commit90.log
	commit91.log
	commit92.log
	commit93.log
	commit94.log
	commit95.log
	commit96.log
	commit97.log
	commit98.log
	commit99.log
	git-commit100.bat
	git-commit101.bat
	git-commit102.bat
	git-commit103.bat
	git-commit104.bat
	git-commit105.bat
	git-commit106.bat
	git-commit107.bat
	git-commit108.bat
	git-commit109.bat
	git-commit110.bat
	git-commit111.bat
	git-commit112.bat
	git-commit113.bat
	git-commit114.bat
	git-commit115.bat
	git-commit116.bat
	git-commit117.bat
	git-commit118.bat
	git-commit119.bat
	git-commit120.bat
	git-commit121.bat
	git-commit122.bat
	git-commit123.bat
	git-commit124.bat
	git-commit125.bat
	git-commit126.bat
	git-commit127.bat
	git-commit128.bat
	git-commit129.bat
	git-commit130.bat
	git-commit131.bat
	git-commit132.bat
	git-commit133.bat
	git-commit134.bat
	git-commit135.bat
	git-commit136.bat
	git-commit137.bat
	git-commit138.bat
	git-commit139.bat
	git-commit140.bat
	git-commit143.bat
	git-commit31.bat
	git-commit32.bat
	git-commit33.bat
	git-commit34.bat
	git-commit35.bat
	git-commit36.bat
	git-commit37.bat
	git-commit38.bat
	git-commit39.bat
	git-commit40.bat
	git-commit41.bat
	git-commit42.bat
	git-commit43.bat
	git-commit87.bat
	git-commit88.bat
	git-commit89.bat
	git-commit90.bat
	git-commit91.bat
	git-commit92.bat
	git-commit93.bat
	git-commit94.bat
	git-commit95.bat
	git-commit96.bat
	git-commit97.bat
	git-commit98.bat
	git-commit99.bat
	kortos/
	public/sounds/music/Moss on My Knuckles (1).mp3
	public/sounds/music/battle-1.mp3
	public/sounds/music/battle-2.mp3
	public/sounds/music/battle-3.mp3
	public/sounds/music/battle-4.mp3
	public/sounds/music/battle-5.mp3
	public/sounds/music/battle-6.mp3
	public/sounds/music/menu-theme.mp3

no changes added to commit (use "git add" and/or "git commit -a")
Everything up-to-date
