On branch main
Your branch is up to date with 'origin/main'.

Changes not staged for commit:
  (use "git add/rm <file>..." to update what will be committed)
  (use "git restore <file>..." to discard changes in working directory)
	deleted:    git-commit57.bat
	modified:   package-lock.json
	modified:   src/app/admin/ranked/RankedAdminClient.tsx
	modified:   src/components/digital/Flames.tsx
	modified:   src/components/tutorial/ArenaBackground.tsx
	modified:   src/components/tutorial/TutorialGame.tsx

Untracked files:
  (use "git add <file>..." to include in what will be committed)
	.fuse_hidden0000000700000001
	.fuse_hidden0000000700000002
	RAVENOF-PUSH-TRIGGERS.sql
	_fx_backup_20260625-1449/
	android-shell-template/
	android/
	card-images-import/
	commit100.log
	commit101.log
	commit102.log
	commit103.log
	commit104.log
	commit105.log
	commit106.log
	commit107.log
	commit108.log
	commit109.log
	commit110.log
	commit111.log
	commit112.log
	commit113.log
	commit114.log
	commit115.log
	commit116.log
	commit117.log
	commit118.log
	commit119.log
	commit120.log
	commit121.log
	commit122.log
	commit123.log
	commit124.log
	commit125.log
	commit126.log
	commit127.log
	commit128.log
	commit129.log
	commit130.log
	commit131.log
	commit132.log
	commit133.log
	commit134.log
	commit135.log
	commit136.log
	commit137.log
	commit138.log
	commit139.log
	commit140.log
	commit141.log
	commit142.log
	commit143.log
	commit144.log
	commit145.log
	commit146.log
	commit147.log
	commit148.log
	commit149.log
	commit152.log
	commit153.log
	commit154.log
	commit155.log
	commit156.log
	commit157.log
	commit158.log
	commit161.log
	commit162.log
	commit163.log
	commit164.log
	commit165.log
	commit166.log
	commit167.log
	commit168.log
	commit169.log
	commit170.log
	commit171.log
	commit172.log
	commit173.log
	commit174.log
	commit175.log
	commit176.log
	commit177.log
	commit178.log
	commit179.log
	commit180.log
	commit181.log
	commit182.log
	commit183.log
	commit185.log
	commit186.log
	commit187.log
	commit188.log
	commit189.log
	commit190.log
	commit192.log
	commit194.log
	commit195.log
	commit196.log
	commit197.log
	commit198.log
	commit199.log
	commit200.log
	commit201.log
	commit202.log
	commit203.log
	commit204.log
	commit205.log
	commit206.log
	commit207.log
	commit208.log
	commit209.log
	commit210.log
	commit211.log
	commit212.log
	commit213.log
	commit215.log
	commit216.log
	commit217.log
	commit218.log
	commit219.log
	commit220.log
	commit221.log
	commit222.log
	commit223.log
	commit224.log
	commit225.log
	commit226.log
	commit227.log
	commit228.log
	commit229.log
	commit231.log
	commit232.log
	commit233.log
	commit234.log
	commit235.log
	commit236.log
	commit237.log
	commit238.log
	commit239.log
	commit239push.log
	commit240.log
	commit241.log
	commit242.log
	commit243.log
	commit244.log
	commit245.log
	commit246.log
	commit247.log
	commit248.log
	commit250.log
	commit251.log
	commit52.log
	commit53.log
	commit54.log
	commit55.log
	commit56.log
	commit57.log
	commit58.log
	commit59.log
	commit60.log
	commit61.log
	commit62.log
	commit63.log
	commit64.log
	commit65.log
	commit66.log
	commit67.log
	commit68.log
	commit69.log
	commit70.log
	commit71.log
	commit72.log
	commit73.log
	commit74.log
	commit75.log
	commit76.log
	commit77.log
	commit78.log
	commit79.log
	commit80.log
	commit81.log
	commit82.log
	commit83.log
	commit84.log
	commit85.log
	commit86.log
	commit87.log
	commit88.log
	commit89.log
	commit90.log
	commit91.log
	commit92.log
	commit93.log
	commit94.log
	commit95.log
	commit96.log
	commit97.log
	commit98.log
	commit99.log
	git-commit100.bat
	git-commit101.bat
	git-commit102.bat
	git-commit103.bat
	git-commit104.bat
	git-commit105.bat
	git-commit106.bat
	git-commit107.bat
	git-commit108.bat
	git-commit109.bat
	git-commit110.bat
	git-commit111.bat
	git-commit112.bat
	git-commit113.bat
	git-commit114.bat
	git-commit115.bat
	git-commit116.bat
	git-commit117.bat
	git-commit118.bat
	git-commit119.bat
	git-commit120.bat
	git-commit121.bat
	git-commit122.bat
	git-commit123.bat
	git-commit124.bat
	git-commit125.bat
	git-commit126.bat
	git-commit127.bat
	git-commit128.bat
	git-commit129.bat
	git-commit130.bat
	git-commit131.bat
	git-commit132.bat
	git-commit133.bat
	git-commit134.bat
	git-commit135.bat
	git-commit136.bat
	git-commit137.bat
	git-commit138.bat
	git-commit139.bat
	git-commit140.bat
	git-commit143.bat
	git-commit150.bat
	git-commit151.bat
	git-commit159.bat
	git-commit160.bat
	git-commit184.bat
	git-commit191.bat
	git-commit193.bat
	git-commit214.bat
	git-commit230.bat
	git-commit252.bat
	git-commit31.bat
	git-commit32.bat
	git-commit33.bat
	git-commit34.bat
	git-commit35.bat
	git-commit36.bat
	git-commit37.bat
	git-commit38.bat
	git-commit39.bat
	git-commit40.bat
	git-commit41.bat
	git-commit42.bat
	git-commit43.bat
	git-commit87.bat
	git-commit88.bat
	git-commit89.bat
	git-commit90.bat
	git-commit91.bat
	git-commit92.bat
	git-commit93.bat
	git-commit94.bat
	git-commit95.bat
	git-commit96.bat
	git-commit97.bat
	git-commit98.bat
	git-commit99.bat
	kortos/
	public/arenas/dock.jpg
	public/card-backs/back.png
	public/card-backs/curse.png
	public/card-backs/logo.png
	public/card-backs/zmk.png
	public/sounds/battle/impact (2).mp3
	setup-android-ascii.bat
	src/app/admin/.fuse_hidden0000000a00000001
	src/components/digital/.fuse_hidden0000000e00000001
	src/components/digital/ranked/.fuse_hidden0000000b00000001
	src/components/digital/ranked/.fuse_hidden0000001100000002
	src/components/tutorial/.fuse_hidden0000000a00000001
	src/components/tutorial/.fuse_hidden0000000a00000002
	src/components/tutorial/.fuse_hidden0000000b00000002
	src/components/tutorial/.fuse_hidden0000000b00000003
	src/lib/tutorial/.fuse_hidden0000000a00000001
	src/lib/tutorial/.fuse_hidden0000000b00000001
	supabase/migrations/.fuse_hidden0000000900000001
	supabase/migrations/.fuse_hidden0000000a00000002
	token-art/

no changes added to commit (use "git add" and/or "git commit -a")
Everything up-to-date
