warning: in the working copy of 'scripts/cards_import_data.json', LF will be replaced by CRLF the next time Git touches it
warning: in the working copy of 'scripts/import_cards.py', LF will be replaced by CRLF the next time Git touches it
[main d8a4ef3] assets(cards): atvaizduoti visi 400 kortu PDF i optimizuotus webp (public/cards/<frakcija>), + teksto duomenu JSON (vardas/efektas/numeris) ir importo skriptas
 403 files changed, 4525 insertions(+)
 create mode 100644 git-commit66.bat
 create mode 100644 public/cards/demonu-orda/CURSE-1.webp
 create mode 100644 public/cards/demonu-orda/CURSE-10.webp
 create mode 100644 public/cards/demonu-orda/CURSE-11.webp
 create mode 100644 public/cards/demonu-orda/CURSE-12.webp
 create mode 100644 public/cards/demonu-orda/CURSE-13.webp
 create mode 100644 public/cards/demonu-orda/CURSE-14.webp
 create mode 100644 public/cards/demonu-orda/CURSE-2.webp
 create mode 100644 public/cards/demonu-orda/CURSE-3.webp
 create mode 100644 public/cards/demonu-orda/CURSE-4.webp
 create mode 100644 public/cards/demonu-orda/CURSE-5.webp
 create mode 100644 public/cards/demonu-orda/CURSE-6.webp
 create mode 100644 public/cards/demonu-orda/CURSE-7.webp
 create mode 100644 public/cards/demonu-orda/CURSE-8.webp
 create mode 100644 public/cards/demonu-orda/CURSE-9.webp
 create mode 100644 public/cards/demonu-orda/CURSE.webp
 create mode 100644 public/cards/demonu-orda/Demonu_Orda_1.webp
 create mode 100644 public/cards/demonu-orda/Demonu_Orda_10.webp
 create mode 100644 public/cards/demonu-orda/Demonu_Orda_11.webp
 create mode 100644 public/cards/demonu-orda/Demonu_Orda_12.webp
 create mode 100644 public/cards/demonu-orda/Demonu_Orda_13.webp
 create mode 100644 public/cards/demonu-orda/Demonu_Orda_14.webp
 create mode 100644 public/cards/demonu-orda/Demonu_Orda_15.webp
 create mode 100644 public/cards/demonu-orda/Demonu_Orda_16.webp
 create mode 100644 public/cards/demonu-orda/Demonu_Orda_17.webp
 create mode 100644 public/cards/demonu-orda/Demonu_Orda_18.webp
 create mode 100644 public/cards/demonu-orda/Demonu_Orda_19.webp
 create mode 100644 public/cards/demonu-orda/Demonu_Orda_2.webp
 create mode 100644 public/cards/demonu-orda/Demonu_Orda_20.webp
 create mode 100644 public/cards/demonu-orda/Demonu_Orda_21.webp
 create mode 100644 public/cards/demonu-orda/Demonu_Orda_22.webp
 create mode 100644 public/cards/demonu-orda/Demonu_Orda_23.webp
 create mode 100644 public/cards/demonu-orda/Demonu_Orda_24.webp
 create mode 100644 public/cards/demonu-orda/Demonu_Orda_25.webp
 create mode 100644 public/cards/demonu-orda/Demonu_Orda_26.webp
 create mode 100644 public/cards/demonu-orda/Demonu_Orda_27.webp
 create mode 100644 public/cards/demonu-orda/Demonu_Orda_28.webp
 create mode 100644 public/cards/demonu-orda/Demonu_Orda_29.webp
 create mode 100644 public/cards/demonu-orda/Demonu_Orda_3.webp
 create mode 100644 public/cards/demonu-orda/Demonu_Orda_30.webp
 create mode 100644 public/cards/demonu-orda/Demonu_Orda_31.webp
 create mode 100644 public/cards/demonu-orda/Demonu_Orda_32.webp
 create mode 100644 public/cards/demonu-orda/Demonu_Orda_33.webp
 create mode 100644 public/cards/demonu-orda/Demonu_Orda_34.webp
 create mode 100644 public/cards/demonu-orda/Demonu_Orda_35.webp
 create mode 100644 public/cards/demonu-orda/Demonu_Orda_4.webp
 create mode 100644 public/cards/demonu-orda/Demonu_Orda_5.webp
 create mode 100644 public/cards/demonu-orda/Demonu_Orda_6.webp
 create mode 100644 public/cards/demonu-orda/Demonu_Orda_7.webp
 create mode 100644 public/cards/demonu-orda/Demonu_Orda_8.webp
 create mode 100644 public/cards/demonu-orda/Demonu_Orda_9.webp
 create mode 100644 public/cards/inkvizicijos-legionas/ARTIFACT-1.webp
 create mode 100644 public/cards/inkvizicijos-legionas/ARTIFACT.webp
 create mode 100644 public/cards/inkvizicijos-legionas/CHAMPIOIN_Phase_1.webp
 create mode 100644 public/cards/inkvizicijos-legionas/CHAMPIOIN_Phase_2.webp
 create mode 100644 public/cards/inkvizicijos-legionas/CHAMPIOIN_Phase_3.webp
 create mode 100644 public/cards/inkvizicijos-legionas/CHARACTER_1-1.webp
 create mode 100644 public/cards/inkvizicijos-legionas/CHARACTER_1-10.webp
 create mode 100644 public/cards/inkvizicijos-legionas/CHARACTER_1-11.webp
 create mode 100644 public/cards/inkvizicijos-legionas/CHARACTER_1-12.webp
 create mode 100644 public/cards/inkvizicijos-legionas/CHARACTER_1-13.webp
 create mode 100644 public/cards/inkvizicijos-legionas/CHARACTER_1-14.webp
 create mode 100644 public/cards/inkvizicijos-legionas/CHARACTER_1-15.webp
 create mode 100644 public/cards/inkvizicijos-legionas/CHARACTER_1-16.webp
 create mode 100644 public/cards/inkvizicijos-legionas/CHARACTER_1-17.webp
 create mode 100644 public/cards/inkvizicijos-legionas/CHARACTER_1-18.webp
 create mode 100644 public/cards/inkvizicijos-legionas/CHARACTER_1-19.webp
 create mode 100644 public/cards/inkvizicijos-legionas/CHARACTER_1-2.webp
 create mode 100644 public/cards/inkvizicijos-legionas/CHARACTER_1-20.webp
 create mode 100644 public/cards/inkvizicijos-legionas/CHARACTER_1-21.webp
 create mode 100644 public/cards/inkvizicijos-legionas/CHARACTER_1-22.webp
 create mode 100644 public/cards/inkvizicijos-legionas/CHARACTER_1-23.webp
 create mode 100644 public/cards/inkvizicijos-legionas/CHARACTER_1-24.webp
 create mode 100644 public/cards/inkvizicijos-legionas/CHARACTER_1-3.webp
 create mode 100644 public/cards/inkvizicijos-legionas/CHARACTER_1-4.webp
 create mode 100644 public/cards/inkvizicijos-legionas/CHARACTER_1-5.webp
 create mode 100644 public/cards/inkvizicijos-legionas/CHARACTER_1-6.webp
 create mode 100644 public/cards/inkvizicijos-legionas/CHARACTER_1-7.webp
 create mode 100644 public/cards/inkvizicijos-legionas/CHARACTER_1-8.webp
 create mode 100644 public/cards/inkvizicijos-legionas/CHARACTER_1-9.webp
 create mode 100644 public/cards/inkvizicijos-legionas/CHARACTER_1.webp
 create mode 100644 public/cards/inkvizicijos-legionas/FIELD + Rarity-1.webp
 create mode 100644 public/cards/inkvizicijos-legionas/FIELD + Rarity.webp
 create mode 100644 public/cards/inkvizicijos-legionas/Inkvizicijos_legionas_279.webp
 create mode 100644 public/cards/inkvizicijos-legionas/Inkvizicijos_legionas_280.webp
 create mode 100644 public/cards/inkvizicijos-legionas/Inkvizicijos_legionas_281.webp
 create mode 100644 public/cards/inkvizicijos-legionas/Inkvizicijos_legionas_282.webp
 create mode 100644 public/cards/inkvizicijos-legionas/Inkvizicijos_legionas_283.webp
 create mode 100644 public/cards/inkvizicijos-legionas/Inkvizicijos_legionas_284.webp
 create mode 100644 public/cards/inkvizicijos-legionas/Inkvizicijos_legionas_285.webp
 create mode 100644 public/cards/inkvizicijos-legionas/Inkvizicijos_legionas_286.webp
 create mode 100644 public/cards/inkvizicijos-legionas/Inkvizicijos_legionas_287.webp
 create mode 100644 public/cards/inkvizicijos-legionas/Inkvizicijos_legionas_288.webp
 create mode 100644 public/cards/inkvizicijos-legionas/Inkvizicijos_legionas_289.webp
 create mode 100644 public/cards/inkvizicijos-legionas/Inkvizicijos_legionas_290.webp
 create mode 100644 public/cards/inkvizicijos-legionas/Inkvizicijos_legionas_291-1.webp
 create mode 100644 public/cards/inkvizicijos-legionas/Inkvizicijos_legionas_291-10.webp
 create mode 100644 public/cards/inkvizicijos-legionas/Inkvizicijos_legionas_291-11.webp
 create mode 100644 public/cards/inkvizicijos-legionas/Inkvizicijos_legionas_291-12.webp
 create mode 100644 public/cards/inkvizicijos-legionas/Inkvizicijos_legionas_291-2.webp
 create mode 100644 public/cards/inkvizicijos-legionas/Inkvizicijos_legionas_291-3.webp
 create mode 100644 public/cards/inkvizicijos-legionas/Inkvizicijos_legionas_291-4.webp
 create mode 100644 public/cards/inkvizicijos-legionas/Inkvizicijos_legionas_291-5.webp
 create mode 100644 public/cards/inkvizicijos-legionas/Inkvizicijos_legionas_291-6.webp
 create mode 100644 public/cards/inkvizicijos-legionas/Inkvizicijos_legionas_291-7.webp
 create mode 100644 public/cards/inkvizicijos-legionas/Inkvizicijos_legionas_291-8.webp
 create mode 100644 public/cards/inkvizicijos-legionas/Inkvizicijos_legionas_291-9.webp
 create mode 100644 public/cards/inkvizicijos-legionas/Inkvizicijos_legionas_291.webp
 create mode 100644 public/cards/inkvizicijos-legionas/Inkvizicijos_legionas_292.webp
 create mode 100644 public/cards/inkvizicijos-legionas/Inkvizicijos_legionas_293-1.webp
 create mode 100644 public/cards/inkvizicijos-legionas/Inkvizicijos_legionas_293.webp
 create mode 100644 public/cards/mirties-marsas/ARTIFACT-1.webp
 create mode 100644 public/cards/mirties-marsas/ARTIFACT-2.webp
 create mode 100644 public/cards/mirties-marsas/ARTIFACT.webp
 create mode 100644 public/cards/mirties-marsas/CHAMPIOIN_Phase_1.webp
 create mode 100644 public/cards/mirties-marsas/CHAMPIOIN_Phase_2.webp
 create mode 100644 public/cards/mirties-marsas/CHAMPIOIN_Phase_3.webp
 create mode 100644 public/cards/mirties-marsas/CHARACTER_1-1.webp
 create mode 100644 public/cards/mirties-marsas/CHARACTER_1-10.webp
 create mode 100644 public/cards/mirties-marsas/CHARACTER_1-11.webp
 create mode 100644 public/cards/mirties-marsas/CHARACTER_1-12.webp
 create mode 100644 public/cards/mirties-marsas/CHARACTER_1-13.webp
 create mode 100644 public/cards/mirties-marsas/CHARACTER_1-14.webp
 create mode 100644 public/cards/mirties-marsas/CHARACTER_1-15.webp
 create mode 100644 public/cards/mirties-marsas/CHARACTER_1-16.webp
 create mode 100644 public/cards/mirties-marsas/CHARACTER_1-17.webp
 create mode 100644 public/cards/mirties-marsas/CHARACTER_1-18.webp
 create mode 100644 public/cards/mirties-marsas/CHARACTER_1-19.webp
 create mode 100644 public/cards/mirties-marsas/CHARACTER_1-2.webp
 create mode 100644 public/cards/mirties-marsas/CHARACTER_1-20.webp
 create mode 100644 public/cards/mirties-marsas/CHARACTER_1-21.webp
 create mode 100644 public/cards/mirties-marsas/CHARACTER_1-22.webp
 create mode 100644 public/cards/mirties-marsas/CHARACTER_1-23.webp
 create mode 100644 public/cards/mirties-marsas/CHARACTER_1-24.webp
 create mode 100644 public/cards/mirties-marsas/CHARACTER_1-25.webp
 create mode 100644 public/cards/mirties-marsas/CHARACTER_1-26.webp
 create mode 100644 public/cards/mirties-marsas/CHARACTER_1-27.webp
 create mode 100644 public/cards/mirties-marsas/CHARACTER_1-28.webp
 create mode 100644 public/cards/mirties-marsas/CHARACTER_1-29.webp
 create mode 100644 public/cards/mirties-marsas/CHARACTER_1-3.webp
 create mode 100644 public/cards/mirties-marsas/CHARACTER_1-30.webp
 create mode 100644 public/cards/mirties-marsas/CHARACTER_1-31.webp
 create mode 100644 public/cards/mirties-marsas/CHARACTER_1-32.webp
 create mode 100644 public/cards/mirties-marsas/CHARACTER_1-33.webp
 create mode 100644 public/cards/mirties-marsas/CHARACTER_1-34.webp
 create mode 100644 public/cards/mirties-marsas/CHARACTER_1-35.webp
 create mode 100644 public/cards/mirties-marsas/CHARACTER_1-4.webp
 create mode 100644 public/cards/mirties-marsas/CHARACTER_1-5.webp
 create mode 100644 public/cards/mirties-marsas/CHARACTER_1-6.webp
 create mode 100644 public/cards/mirties-marsas/CHARACTER_1-7.webp
 create mode 100644 public/cards/mirties-marsas/CHARACTER_1-8.webp
 create mode 100644 public/cards/mirties-marsas/CHARACTER_1-9.webp
 create mode 100644 public/cards/mirties-marsas/CHARACTER_1.webp
 create mode 100644 public/cards/mirties-marsas/CHARACTER_2-1.webp
 create mode 100644 public/cards/mirties-marsas/CHARACTER_2-2.webp
 create mode 100644 public/cards/mirties-marsas/CHARACTER_2-3.webp
 create mode 100644 public/cards/mirties-marsas/CHARACTER_2-4.webp
 create mode 100644 public/cards/mirties-marsas/CHARACTER_2-5.webp
 create mode 100644 public/cards/mirties-marsas/CHARACTER_2.webp
 create mode 100644 public/cards/mirties-marsas/FIELD + Rarity-1.webp
 create mode 100644 public/cards/mirties-marsas/FIELD + Rarity.webp
 create mode 100644 public/cards/mistikos-melodija/FIELD + Rarity-1.webp
 create mode 100644 public/cards/mistikos-melodija/FIELD + Rarity.webp
 create mode 100644 public/cards/mistikos-melodija/Mistikos_Melodija_117.webp
 create mode 100644 public/cards/mistikos-melodija/Mistikos_Melodija_118.webp
 create mode 100644 public/cards/mistikos-melodija/Mistikos_Melodija_119.webp
 create mode 100644 public/cards/mistikos-melodija/Mistikos_Melodija_120.webp
 create mode 100644 public/cards/mistikos-melodija/Mistikos_Melodija_121.webp
 create mode 100644 public/cards/mistikos-melodija/Mistikos_Melodija_122.webp
 create mode 100644 public/cards/mistikos-melodija/Mistikos_Melodija_123.webp
 create mode 100644 public/cards/mistikos-melodija/Mistikos_Melodija_124.webp
 create mode 100644 public/cards/mistikos-melodija/Mistikos_Melodija_125.webp
 create mode 100644 public/cards/mistikos-melodija/Mistikos_Melodija_126.webp
 create mode 100644 public/cards/mistikos-melodija/Mistikos_Melodija_127.webp
 create mode 100644 public/cards/mistikos-melodija/Mistikos_Melodija_128.webp
 create mode 100644 public/cards/mistikos-melodija/Mistikos_Melodija_129.webp
 create mode 100644 public/cards/mistikos-melodija/Mistikos_Melodija_130.webp
 create mode 100644 public/cards/mistikos-melodija/Mistikos_Melodija_131.webp
 create mode 100644 public/cards/mistikos-melodija/Mistikos_Melodija_132.webp
 create mode 100644 public/cards/mistikos-melodija/Mistikos_Melodija_133.webp
 create mode 100644 public/cards/mistikos-melodija/Mistikos_Melodija_134.webp
 create mode 100644 public/cards/mistikos-melodija/Mistikos_Melodija_135.webp
 create mode 100644 public/cards/mistikos-melodija/Mistikos_Melodija_136.webp
 create mode 100644 public/cards/mistikos-melodija/Mistikos_Melodija_137.webp
 create mode 100644 public/cards/mistikos-melodija/Mistikos_Melodija_138.webp
 create mode 100644 public/cards/mistikos-melodija/Mistikos_Melodija_139.webp
 create mode 100644 public/cards/mistikos-melodija/Mistikos_Melodija_140.webp
 create mode 100644 public/cards/mistikos-melodija/Mistikos_Melodija_141.webp
 create mode 100644 public/cards/mistikos-melodija/Mistikos_Melodija_142.webp
 create mode 100644 public/cards/mistikos-melodija/Mistikos_Melodija_143.webp
 create mode 100644 public/cards/mistikos-melodija/Mistikos_Melodija_144.webp
 create mode 100644 public/cards/mistikos-melodija/Mistikos_Melodija_145.webp
 create mode 100644 public/cards/mistikos-melodija/Mistikos_Melodija_146.webp
 create mode 100644 public/cards/mistikos-melodija/Mistikos_Melodija_147.webp
 create mode 100644 public/cards/mistikos-melodija/Mistikos_Melodija_148.webp
 create mode 100644 public/cards/mistikos-melodija/Mistikos_Melodija_149.webp
 create mode 100644 public/cards/mistikos-melodija/Mistikos_Melodija_150.webp
 create mode 100644 public/cards/mistikos-melodija/Mistikos_Melodija_151.webp
 create mode 100644 public/cards/mistikos-melodija/Mistikos_Melodija_152.webp
 create mode 100644 public/cards/mistikos-melodija/Mistikos_Melodija_153.webp
 create mode 100644 public/cards/mistikos-melodija/Mistikos_Melodija_154.webp
 create mode 100644 public/cards/mistikos-melodija/Mistikos_Melodija_155.webp
 create mode 100644 public/cards/mistikos-melodija/Mistikos_Melodija_156.webp
 create mode 100644 public/cards/mistikos-melodija/Mistikos_Melodija_157.webp
 create mode 100644 public/cards/mistikos-melodija/Mistikos_Melodija_158.webp
 create mode 100644 public/cards/mistikos-melodija/Mistikos_Melodija_159.webp
 create mode 100644 public/cards/mistikos-melodija/Mistikos_Melodija_160.webp
 create mode 100644 public/cards/mistikos-melodija/Mistikos_Melodija_161.webp
 create mode 100644 public/cards/mistikos-melodija/Mistikos_Melodija_162.webp
 create mode 100644 public/cards/mistikos-melodija/Mistikos_Melodija_163.webp
 create mode 100644 public/cards/mistikos-melodija/Mistikos_Melodija_164.webp
 create mode 100644 public/cards/mistikos-melodija/Mistikos_Melodija_165.webp
 create mode 100644 public/cards/mistikos-melodija/Mistikos_Melodija_166.webp
 create mode 100644 public/cards/mistikos-melodija/Mistikos_Melodija_167.webp
 create mode 100644 public/cards/mistikos-melodija/Mistikos_Melodija_168.webp
 create mode 100644 public/cards/mistikos-melodija/Mistikos_Melodija_169.webp
 create mode 100644 public/cards/mistikos-melodija/Mistikos_Melodija_170.webp
 create mode 100644 public/cards/mistikos-melodija/Mistikos_Melodija_171.webp
 create mode 100644 public/cards/mistikos-melodija/Mistikos_Melodija_172.webp
 create mode 100644 public/cards/mistikos-melodija/Mistikos_Melodija_173.webp
 create mode 100644 public/cards/mistikos-melodija/Mistikos_Melodija_174.webp
 create mode 100644 public/cards/plesiku-naktis/FIELD + Rarity-1.webp
 create mode 100644 public/cards/plesiku-naktis/FIELD + Rarity.webp
 create mode 100644 public/cards/plesiku-naktis/Plesiku_Naktis_100.webp
 create mode 100644 public/cards/plesiku-naktis/Plesiku_Naktis_101.webp
 create mode 100644 public/cards/plesiku-naktis/Plesiku_Naktis_102.webp
 create mode 100644 public/cards/plesiku-naktis/Plesiku_Naktis_103.webp
 create mode 100644 public/cards/plesiku-naktis/Plesiku_Naktis_104.webp
 create mode 100644 public/cards/plesiku-naktis/Plesiku_Naktis_105.webp
 create mode 100644 public/cards/plesiku-naktis/Plesiku_Naktis_106.webp
 create mode 100644 public/cards/plesiku-naktis/Plesiku_Naktis_107.webp
 create mode 100644 public/cards/plesiku-naktis/Plesiku_Naktis_108.webp
 create mode 100644 public/cards/plesiku-naktis/Plesiku_Naktis_109.webp
 create mode 100644 public/cards/plesiku-naktis/Plesiku_Naktis_110.webp
 create mode 100644 public/cards/plesiku-naktis/Plesiku_Naktis_111.webp
 create mode 100644 public/cards/plesiku-naktis/Plesiku_Naktis_112.webp
 create mode 100644 public/cards/plesiku-naktis/Plesiku_Naktis_113.webp
 create mode 100644 public/cards/plesiku-naktis/Plesiku_Naktis_114.webp
 create mode 100644 public/cards/plesiku-naktis/Plesiku_Naktis_115.webp
 create mode 100644 public/cards/plesiku-naktis/Plesiku_Naktis_116.webp
 create mode 100644 public/cards/plesiku-naktis/Plesiku_Naktis_59.webp
 create mode 100644 public/cards/plesiku-naktis/Plesiku_Naktis_60.webp
 create mode 100644 public/cards/plesiku-naktis/Plesiku_Naktis_61.webp
 create mode 100644 public/cards/plesiku-naktis/Plesiku_Naktis_62.webp
 create mode 100644 public/cards/plesiku-naktis/Plesiku_Naktis_63.webp
 create mode 100644 public/cards/plesiku-naktis/Plesiku_Naktis_64.webp
 create mode 100644 public/cards/plesiku-naktis/Plesiku_Naktis_65.webp
 create mode 100644 public/cards/plesiku-naktis/Plesiku_Naktis_66.webp
 create mode 100644 public/cards/plesiku-naktis/Plesiku_Naktis_67.webp
 create mode 100644 public/cards/plesiku-naktis/Plesiku_Naktis_68.webp
 create mode 100644 public/cards/plesiku-naktis/Plesiku_Naktis_69.webp
 create mode 100644 public/cards/plesiku-naktis/Plesiku_Naktis_70.webp
 create mode 100644 public/cards/plesiku-naktis/Plesiku_Naktis_71.webp
 create mode 100644 public/cards/plesiku-naktis/Plesiku_Naktis_72.webp
 create mode 100644 public/cards/plesiku-naktis/Plesiku_Naktis_73.webp
 create mode 100644 public/cards/plesiku-naktis/Plesiku_Naktis_74.webp
 create mode 100644 public/cards/plesiku-naktis/Plesiku_Naktis_75.webp
 create mode 100644 public/cards/plesiku-naktis/Plesiku_Naktis_76.webp
 create mode 100644 public/cards/plesiku-naktis/Plesiku_Naktis_77.webp
 create mode 100644 public/cards/plesiku-naktis/Plesiku_Naktis_78.webp
 create mode 100644 public/cards/plesiku-naktis/Plesiku_Naktis_79.webp
 create mode 100644 public/cards/plesiku-naktis/Plesiku_Naktis_80.webp
 create mode 100644 public/cards/plesiku-naktis/Plesiku_Naktis_81.webp
 create mode 100644 public/cards/plesiku-naktis/Plesiku_Naktis_82.webp
 create mode 100644 public/cards/plesiku-naktis/Plesiku_Naktis_83.webp
 create mode 100644 public/cards/plesiku-naktis/Plesiku_Naktis_84.webp
 create mode 100644 public/cards/plesiku-naktis/Plesiku_Naktis_85.webp
 create mode 100644 public/cards/plesiku-naktis/Plesiku_Naktis_86.webp
 create mode 100644 public/cards/plesiku-naktis/Plesiku_Naktis_87.webp
 create mode 100644 public/cards/plesiku-naktis/Plesiku_Naktis_88.webp
 create mode 100644 public/cards/plesiku-naktis/Plesiku_Naktis_89.webp
 create mode 100644 public/cards/plesiku-naktis/Plesiku_Naktis_90.webp
 create mode 100644 public/cards/plesiku-naktis/Plesiku_Naktis_91.webp
 create mode 100644 public/cards/plesiku-naktis/Plesiku_Naktis_92.webp
 create mode 100644 public/cards/plesiku-naktis/Plesiku_Naktis_93.webp
 create mode 100644 public/cards/plesiku-naktis/Plesiku_Naktis_94.webp
 create mode 100644 public/cards/plesiku-naktis/Plesiku_Naktis_95.webp
 create mode 100644 public/cards/plesiku-naktis/Plesiku_Naktis_96.webp
 create mode 100644 public/cards/plesiku-naktis/Plesiku_Naktis_97.webp
 create mode 100644 public/cards/plesiku-naktis/Plesiku_Naktis_98.webp
 create mode 100644 public/cards/plesiku-naktis/Plesiku_Naktis_99.webp
 create mode 100644 public/cards/sviesos-pulkas/FIELD + Rarity-1.webp
 create mode 100644 public/cards/sviesos-pulkas/FIELD + Rarity.webp
 create mode 100644 public/cards/sviesos-pulkas/Sviesos_Pulkas_233.webp
 create mode 100644 public/cards/sviesos-pulkas/Sviesos_Pulkas_234.webp
 create mode 100644 public/cards/sviesos-pulkas/Sviesos_Pulkas_235.webp
 create mode 100644 public/cards/sviesos-pulkas/Sviesos_Pulkas_236.webp
 create mode 100644 public/cards/sviesos-pulkas/Sviesos_Pulkas_237.webp
 create mode 100644 public/cards/sviesos-pulkas/Sviesos_Pulkas_238-1.webp
 create mode 100644 public/cards/sviesos-pulkas/Sviesos_Pulkas_238.webp
 create mode 100644 public/cards/sviesos-pulkas/Sviesos_Pulkas_239.webp
 create mode 100644 public/cards/sviesos-pulkas/Sviesos_Pulkas_240-1.webp
 create mode 100644 public/cards/sviesos-pulkas/Sviesos_Pulkas_240.webp
 create mode 100644 public/cards/sviesos-pulkas/Sviesos_Pulkas_241-1.webp
 create mode 100644 public/cards/sviesos-pulkas/Sviesos_Pulkas_241.webp
 create mode 100644 public/cards/sviesos-pulkas/Sviesos_Pulkas_242-1.webp
 create mode 100644 public/cards/sviesos-pulkas/Sviesos_Pulkas_242.webp
 create mode 100644 public/cards/sviesos-pulkas/Sviesos_Pulkas_243-1.webp
 create mode 100644 public/cards/sviesos-pulkas/Sviesos_Pulkas_243.webp
 create mode 100644 public/cards/sviesos-pulkas/Sviesos_Pulkas_244.webp
 create mode 100644 public/cards/sviesos-pulkas/Sviesos_Pulkas_245.webp
 create mode 100644 public/cards/sviesos-pulkas/Sviesos_Pulkas_246.webp
 create mode 100644 public/cards/sviesos-pulkas/Sviesos_Pulkas_247.webp
 create mode 100644 public/cards/sviesos-pulkas/Sviesos_Pulkas_248.webp
 create mode 100644 public/cards/sviesos-pulkas/Sviesos_Pulkas_249.webp
 create mode 100644 public/cards/sviesos-pulkas/Sviesos_Pulkas_250.webp
 create mode 100644 public/cards/sviesos-pulkas/Sviesos_Pulkas_251.webp
 create mode 100644 public/cards/sviesos-pulkas/Sviesos_Pulkas_252.webp
 create mode 100644 public/cards/sviesos-pulkas/Sviesos_Pulkas_253.webp
 create mode 100644 public/cards/sviesos-pulkas/Sviesos_Pulkas_254-1.webp
 create mode 100644 public/cards/sviesos-pulkas/Sviesos_Pulkas_254.webp
 create mode 100644 public/cards/sviesos-pulkas/Sviesos_Pulkas_255-1.webp
 create mode 100644 public/cards/sviesos-pulkas/Sviesos_Pulkas_255.webp
 create mode 100644 public/cards/sviesos-pulkas/Sviesos_Pulkas_256-1.webp
 create mode 100644 public/cards/sviesos-pulkas/Sviesos_Pulkas_256.webp
 create mode 100644 public/cards/sviesos-pulkas/Sviesos_Pulkas_257-1.webp
 create mode 100644 public/cards/sviesos-pulkas/Sviesos_Pulkas_257.webp
 create mode 100644 public/cards/sviesos-pulkas/Sviesos_Pulkas_258.webp
 create mode 100644 public/cards/sviesos-pulkas/Sviesos_Pulkas_259.webp
 create mode 100644 public/cards/sviesos-pulkas/Sviesos_Pulkas_260.webp
 create mode 100644 public/cards/sviesos-pulkas/Sviesos_Pulkas_261.webp
 create mode 100644 public/cards/sviesos-pulkas/Sviesos_Pulkas_262.webp
 create mode 100644 public/cards/sviesos-pulkas/Sviesos_Pulkas_263.webp
 create mode 100644 public/cards/sviesos-pulkas/Sviesos_Pulkas_264.webp
 create mode 100644 public/cards/sviesos-pulkas/Sviesos_Pulkas_265.webp
 create mode 100644 public/cards/sviesos-pulkas/Sviesos_Pulkas_266.webp
 create mode 100644 public/cards/sviesos-pulkas/Sviesos_Pulkas_267.webp
 create mode 100644 public/cards/sviesos-pulkas/Sviesos_Pulkas_268.webp
 create mode 100644 public/cards/sviesos-pulkas/Sviesos_Pulkas_269.webp
 create mode 100644 public/cards/sviesos-pulkas/Sviesos_Pulkas_270.webp
 create mode 100644 public/cards/sviesos-pulkas/Sviesos_Pulkas_271.webp
 create mode 100644 public/cards/sviesos-pulkas/Sviesos_Pulkas_272.webp
 create mode 100644 public/cards/sviesos-pulkas/Sviesos_Pulkas_273-1.webp
 create mode 100644 public/cards/sviesos-pulkas/Sviesos_Pulkas_273.webp
 create mode 100644 public/cards/sviesos-pulkas/Sviesos_Pulkas_274-1.webp
 create mode 100644 public/cards/sviesos-pulkas/Sviesos_Pulkas_274.webp
 create mode 100644 public/cards/sviesos-pulkas/Sviesos_Pulkas_275-1.webp
 create mode 100644 public/cards/sviesos-pulkas/Sviesos_Pulkas_275.webp
 create mode 100644 public/cards/sviesos-pulkas/Sviesos_Pulkas_276.webp
 create mode 100644 public/cards/sviesos-pulkas/Sviesos_Pulkas_277.webp
 create mode 100644 public/cards/sviesos-pulkas/Sviesos_Pulkas_278.webp
 create mode 100644 public/cards/vryhioko-gauja/FIELD + Rarity-1.webp
 create mode 100644 public/cards/vryhioko-gauja/FIELD + Rarity.webp
 create mode 100644 public/cards/vryhioko-gauja/Vryhioko_gauja_175.webp
 create mode 100644 public/cards/vryhioko-gauja/Vryhioko_gauja_176.webp
 create mode 100644 public/cards/vryhioko-gauja/Vryhioko_gauja_177.webp
 create mode 100644 public/cards/vryhioko-gauja/Vryhioko_gauja_178.webp
 create mode 100644 public/cards/vryhioko-gauja/Vryhioko_gauja_179.webp
 create mode 100644 public/cards/vryhioko-gauja/Vryhioko_gauja_180.webp
 create mode 100644 public/cards/vryhioko-gauja/Vryhioko_gauja_181.webp
 create mode 100644 public/cards/vryhioko-gauja/Vryhioko_gauja_182.webp
 create mode 100644 public/cards/vryhioko-gauja/Vryhioko_gauja_183.webp
 create mode 100644 public/cards/vryhioko-gauja/Vryhioko_gauja_184.webp
 create mode 100644 public/cards/vryhioko-gauja/Vryhioko_gauja_185.webp
 create mode 100644 public/cards/vryhioko-gauja/Vryhioko_gauja_186.webp
 create mode 100644 public/cards/vryhioko-gauja/Vryhioko_gauja_187.webp
 create mode 100644 public/cards/vryhioko-gauja/Vryhioko_gauja_188.webp
 create mode 100644 public/cards/vryhioko-gauja/Vryhioko_gauja_189.webp
 create mode 100644 public/cards/vryhioko-gauja/Vryhioko_gauja_190.webp
 create mode 100644 public/cards/vryhioko-gauja/Vryhioko_gauja_191.webp
 create mode 100644 public/cards/vryhioko-gauja/Vryhioko_gauja_192.webp
 create mode 100644 public/cards/vryhioko-gauja/Vryhioko_gauja_193.webp
 create mode 100644 public/cards/vryhioko-gauja/Vryhioko_gauja_194.webp
 create mode 100644 public/cards/vryhioko-gauja/Vryhioko_gauja_195.webp
 create mode 100644 public/cards/vryhioko-gauja/Vryhioko_gauja_196.webp
 create mode 100644 public/cards/vryhioko-gauja/Vryhioko_gauja_197.webp
 create mode 100644 public/cards/vryhioko-gauja/Vryhioko_gauja_198.webp
 create mode 100644 public/cards/vryhioko-gauja/Vryhioko_gauja_199.webp
 create mode 100644 public/cards/vryhioko-gauja/Vryhioko_gauja_200.webp
 create mode 100644 public/cards/vryhioko-gauja/Vryhioko_gauja_201.webp
 create mode 100644 public/cards/vryhioko-gauja/Vryhioko_gauja_202.webp
 create mode 100644 public/cards/vryhioko-gauja/Vryhioko_gauja_203.webp
 create mode 100644 public/cards/vryhioko-gauja/Vryhioko_gauja_204.webp
 create mode 100644 public/cards/vryhioko-gauja/Vryhioko_gauja_205.webp
 create mode 100644 public/cards/vryhioko-gauja/Vryhioko_gauja_206.webp
 create mode 100644 public/cards/vryhioko-gauja/Vryhioko_gauja_207.webp
 create mode 100644 public/cards/vryhioko-gauja/Vryhioko_gauja_208.webp
 create mode 100644 public/cards/vryhioko-gauja/Vryhioko_gauja_209.webp
 create mode 100644 public/cards/vryhioko-gauja/Vryhioko_gauja_210.webp
 create mode 100644 public/cards/vryhioko-gauja/Vryhioko_gauja_211.webp
 create mode 100644 public/cards/vryhioko-gauja/Vryhioko_gauja_212.webp
 create mode 100644 public/cards/vryhioko-gauja/Vryhioko_gauja_213.webp
 create mode 100644 public/cards/vryhioko-gauja/Vryhioko_gauja_214.webp
 create mode 100644 public/cards/vryhioko-gauja/Vryhioko_gauja_215.webp
 create mode 100644 public/cards/vryhioko-gauja/Vryhioko_gauja_216.webp
 create mode 100644 public/cards/vryhioko-gauja/Vryhioko_gauja_217.webp
 create mode 100644 public/cards/vryhioko-gauja/Vryhioko_gauja_218.webp
 create mode 100644 public/cards/vryhioko-gauja/Vryhioko_gauja_219.webp
 create mode 100644 public/cards/vryhioko-gauja/Vryhioko_gauja_220.webp
 create mode 100644 public/cards/vryhioko-gauja/Vryhioko_gauja_221.webp
 create mode 100644 public/cards/vryhioko-gauja/Vryhioko_gauja_222.webp
 create mode 100644 public/cards/vryhioko-gauja/Vryhioko_gauja_223.webp
 create mode 100644 public/cards/vryhioko-gauja/Vryhioko_gauja_224.webp
 create mode 100644 public/cards/vryhioko-gauja/Vryhioko_gauja_225.webp
 create mode 100644 public/cards/vryhioko-gauja/Vryhioko_gauja_226.webp
 create mode 100644 public/cards/vryhioko-gauja/Vryhioko_gauja_227.webp
 create mode 100644 public/cards/vryhioko-gauja/Vryhioko_gauja_228.webp
 create mode 100644 public/cards/vryhioko-gauja/Vryhioko_gauja_229.webp
 create mode 100644 public/cards/vryhioko-gauja/Vryhioko_gauja_230.webp
 create mode 100644 public/cards/vryhioko-gauja/Vryhioko_gauja_231.webp
 create mode 100644 public/cards/vryhioko-gauja/Vryhioko_gauja_232.webp
 create mode 100644 scripts/cards_import_data.json
 create mode 100644 scripts/import_cards.py
To https://github.com/Ravenof/ravenof-portal.git
   ec83681..d8a4ef3  main -> main
